2024-05-19 00:05:04 INFO  c.e.demo.controller.SignUpController - Navigating to signup/signin page
2024-05-19 00:05:10 INFO  c.e.demo.controller.SignUpController - Attempting to sign in user: teacher@gmail.com
2024-05-19 00:05:11 INFO  c.e.demo.controller.SignUpController - User teacher@gmail.com signed in successfully
2024-05-19 00:28:19 INFO  c.e.demo.controller.SignUpController - User teacher@gmail.com signed out
2024-05-19 00:29:03 INFO  c.e.demo.controller.SignUpController - Navigating to signup/signin page
2024-05-19 00:29:08 INFO  c.e.demo.controller.SignUpController - Attempting to sign in user: teacher@gmail.com
2024-05-19 00:29:08 INFO  c.e.demo.controller.SignUpController - User teacher@gmail.com signed in successfully
2024-05-22 10:27:37 INFO  c.e.demo.controller.SignUpController - Navigating to signup/signin page
2024-05-22 10:27:51 INFO  c.e.demo.controller.SignUpController - Attempting to save new user: mohammadhesham65@gmail.com
2024-05-22 10:27:52 INFO  c.e.demo.controller.SignUpController - User mohammadhesham65@gmail.com signed up successfully
2024-05-22 10:28:51 INFO  c.e.demo.controller.SignUpController - User mohammadhesham65@gmail.com signed out
2024-05-22 10:28:55 INFO  c.e.demo.controller.SignUpController - Navigating to signup/signin page
2024-05-22 10:29:03 INFO  c.e.demo.controller.SignUpController - Attempting to sign in user: mohammadhesham65@gmail.com
2024-05-22 10:29:04 INFO  c.e.demo.controller.SignUpController - User mohammadhesham65@gmail.com signed in successfully
2024-05-22 10:39:24 INFO  c.e.demo.controller.SignUpController - User mohammadhesham65@gmail.com signed out
2024-05-22 10:39:28 INFO  c.e.demo.controller.SignUpController - Navigating to signup/signin page
2024-05-22 10:39:55 INFO  c.e.demo.controller.SignUpController - Attempting to save new user: Zayaty@gmail.com
2024-05-22 10:39:55 INFO  c.e.demo.controller.SignUpController - User Zayaty@gmail.com signed up successfully
2024-05-22 10:43:27 INFO  c.e.demo.controller.SignUpController - User Zayaty@gmail.com signed out
2024-05-22 10:43:31 INFO  c.e.demo.controller.SignUpController - Navigating to signup/signin page
2024-05-22 10:43:41 INFO  c.e.demo.controller.SignUpController - Attempting to sign in user: mohammadhesham65@gmail.com
2024-05-22 10:43:41 INFO  c.e.demo.controller.SignUpController - User mohammadhesham65@gmail.com signed in successfully
2024-05-22 11:20:52 INFO  c.e.demo.controller.SignUpController - Navigating to signup/signin page
2024-05-22 11:21:05 INFO  c.e.demo.controller.SignUpController - Attempting to sign in user: mohammadhesham65@gmail.com
2024-05-22 11:21:06 INFO  c.e.demo.controller.SignUpController - User mohammadhesham65@gmail.com signed in successfully
2024-05-22 11:21:48 INFO  c.e.demo.controller.SignUpController - User mohammadhesham65@gmail.com signed out
2024-05-22 11:21:51 INFO  c.e.demo.controller.SignUpController - Navigating to signup/signin page
2024-05-22 11:21:58 INFO  c.e.demo.controller.SignUpController - Attempting to sign in user: Zayaty@gmail.com
2024-05-22 11:21:59 INFO  c.e.demo.controller.SignUpController - User Zayaty@gmail.com signed in successfully
2024-05-22 11:51:55 INFO  c.e.demo.controller.SignUpController - User Zayaty@gmail.com signed out
2024-05-22 11:52:01 INFO  c.e.demo.controller.SignUpController - Navigating to signup/signin page
2024-05-22 11:52:17 INFO  c.e.demo.controller.SignUpController - Attempting to sign in user: mohammadhesham65@gmail.com
2024-05-22 11:52:18 INFO  c.e.demo.controller.SignUpController - User mohammadhesham65@gmail.com signed in successfully
2024-05-22 11:52:39 INFO  c.e.demo.controller.SignUpController - User mohammadhesham65@gmail.com signed out
2024-05-22 11:52:43 INFO  c.e.demo.controller.SignUpController - Navigating to signup/signin page
2024-05-22 11:52:50 INFO  c.e.demo.controller.SignUpController - Attempting to sign in user: Zayaty@gmail.com
2024-05-22 11:52:51 INFO  c.e.demo.controller.SignUpController - User Zayaty@gmail.com signed in successfully
2024-05-22 11:53:18 INFO  c.e.demo.controller.SignUpController - User Zayaty@gmail.com signed out
2024-05-22 11:53:21 INFO  c.e.demo.controller.SignUpController - Navigating to signup/signin page
2024-05-22 11:53:26 INFO  c.e.demo.controller.SignUpController - Attempting to sign in user: mohammadhesham65@gmail.com
2024-05-22 11:53:27 INFO  c.e.demo.controller.SignUpController - User mohammadhesham65@gmail.com signed in successfully
2024-05-24 16:11:21 INFO  c.e.demo.controller.SignUpController - Navigating to signup/signin page
2024-05-24 16:12:06 INFO  c.e.demo.controller.SignUpController - Attempting to sign in user: 
2024-05-24 16:12:06 ERROR c.e.demo.controller.SignUpController - Signin failed: Invalid email 
2024-05-24 16:12:12 INFO  c.e.demo.controller.SignUpController - Attempting to sign in user: mark@email.com
2024-05-24 16:12:31 INFO  c.e.demo.controller.SignUpController - Attempting to save new user: mark@email.com
2024-05-24 16:12:32 INFO  c.e.demo.controller.SignUpController - User mark@email.com signed up successfully
